16:03:28.759	user: log file /home/mihnea/kwarc/AssessmentService/mmt/oaff/openmath/mmt.log finished
16:03:28.760	user: log+ controller
16:03:28.760	user: log+ controller finished
16:03:28.761	user: log+ archive
16:03:28.761	user: log+ archive finished
16:03:28.762	user: log+ uom
16:03:28.762	user: log+ uom finished
16:03:28.767	user: archive add /home/mihnea/kwarc/AssessmentService/mmt/oaff/urtheories
16:03:28.777	user: archive add /home/mihnea/kwarc/AssessmentService/mmt/oaff/urtheories finished
16:03:28.777	user: archive add /home/mihnea/kwarc/AssessmentService/mmt/oaff/openmath
16:03:28.778	user: archive add /home/mihnea/kwarc/AssessmentService/mmt/oaff/openmath finished
16:03:28.785	user: archive openmath mmt-omdoc  
16:03:28.800	archive: entering /home/mihnea/kwarc/AssessmentService/mmt/oaff/openmath/source
16:03:28.801	archive: entering /home/mihnea/kwarc/AssessmentService/mmt/oaff/openmath/source/uom
16:03:28.838	controller: retrieving http://www.openmath.org/cd?indNat
16:03:28.909	controller: retrieved http://www.openmath.org/cd?indNat
16:03:28.909	controller: retrieving http://cds.omdoc.org/urtheories?ScalaOM
16:03:28.931	controller: retrieved http://cds.omdoc.org/urtheories?ScalaOM
16:03:29.0	    controller: retrieving http://cds.omdoc.org/urtheories?Scala
16:03:29.57	    controller: retrieved http://cds.omdoc.org/urtheories?Scala
16:03:29.230	controller: retrieving http://www.openmath.org/cd?arith1
16:03:29.268	controller: retrieved http://www.openmath.org/cd?arith1
16:03:29.321	controller: retrieving http://www.openmath.org/cd?logic1
16:03:29.336	controller: retrieved http://www.openmath.org/cd?logic1
16:03:29.347	controller: retrieving http://www.openmath.org/cd?string
16:03:29.354	controller: retrieved http://www.openmath.org/cd?string
16:03:29.362	controller: retrieving http://www.openmath.org/cd?nums1
16:03:29.371	controller: retrieved http://www.openmath.org/cd?nums1
16:03:29.381	controller: retrieving http://www.openmath.org/cd?polyu
16:03:29.389	controller: retrieved http://www.openmath.org/cd?polyu
16:03:29.395	controller: retrieving http://www.openmath.org/cd?tensor1
16:03:29.399	controller: retrieved http://www.openmath.org/cd?tensor1
16:03:29.411	controller: retrieving http://www.openmath.org/cd?rounding1
16:03:29.420	controller: retrieved http://www.openmath.org/cd?rounding1
16:03:29.441	controller: retrieving http://www.openmath.org/cd?integer1
16:03:29.449	controller: retrieved http://www.openmath.org/cd?integer1
16:03:29.462	controller: retrieving http://www.openmath.org/cd?minmax1
16:03:29.467	controller: retrieved http://www.openmath.org/cd?minmax1
16:03:29.504	controller: retrieving http://www.openmath.org/cd?list1
16:03:29.510	controller: retrieved http://www.openmath.org/cd?list1
16:03:29.511	controller: retrieving http://www.openmath.org/cd?list2
16:03:29.524	controller: retrieved http://www.openmath.org/cd?list2
16:03:29.553	controller: retrieving http://www.openmath.org/cd?complex1
16:03:29.562	controller: retrieved http://www.openmath.org/cd?complex1
16:03:29.608	controller: retrieving http://www.openmath.org/cd?set1
16:03:29.626	controller: retrieved http://www.openmath.org/cd?set1
16:03:29.629	controller: retrieving http://www.openmath.org/cd?set2
16:03:29.632	controller: retrieved http://www.openmath.org/cd?set2
16:03:29.679	controller: retrieving http://www.openmath.org/cd?linalg1
16:03:29.688	controller: retrieved http://www.openmath.org/cd?linalg1
16:03:29.689	controller: retrieving http://www.openmath.org/cd?linalg2
16:03:29.694	controller: retrieved http://www.openmath.org/cd?linalg2
16:03:29.695	controller: retrieving http://www.openmath.org/cd?linalg4
16:03:29.701	controller: retrieved http://www.openmath.org/cd?linalg4
16:03:29.728	controller: retrieving http://www.openmath.org/cd?relation1
16:03:29.736	controller: retrieved http://www.openmath.org/cd?relation1
16:03:29.744	controller: retrieving http://www.openmath.org/cd?combinat1
16:03:29.751	controller: retrieved http://www.openmath.org/cd?combinat1
16:03:29.751	controller: retrieving http://www.openmath.org/cd?permut1
16:03:29.754	controller: retrieved http://www.openmath.org/cd?permut1
16:03:29.772	controller: retrieving http://www.openmath.org/cd?transc1
16:03:29.807	controller: retrieved http://www.openmath.org/cd?transc1
16:03:29.817	archive: leaving  /home/mihnea/kwarc/AssessmentService/mmt/oaff/openmath/source/uom
16:03:29.817	archive: entering /home/mihnea/kwarc/AssessmentService/mmt/oaff/openmath/source/cds
16:03:29.819	  controller: retrieving http://www.openmath.org/cd?OpenMath
16:03:29.823	  controller: retrieved http://www.openmath.org/cd?OpenMath
16:03:29.960	controller: retrieving http://www.openmath.org/cd?fns1
16:03:29.962	controller: retrieved http://www.openmath.org/cd?fns1
16:03:29.963	controller: retrieving http://www.openmath.org/cd?linalg5
16:03:29.974	controller: retrieved http://www.openmath.org/cd?linalg5
16:03:30.17	archive: leaving  /home/mihnea/kwarc/AssessmentService/mmt/oaff/openmath/source/cds
16:03:30.17	archive: entering /home/mihnea/kwarc/AssessmentService/mmt/oaff/openmath/source/test
16:03:30.470	archive: leaving  /home/mihnea/kwarc/AssessmentService/mmt/oaff/openmath/source/test
16:03:30.470	archive: entering /home/mihnea/kwarc/AssessmentService/mmt/oaff/openmath/source/frameit
16:03:30.495	archive: leaving  /home/mihnea/kwarc/AssessmentService/mmt/oaff/openmath/source/frameit
16:03:30.495	archive: leaving  /home/mihnea/kwarc/AssessmentService/mmt/oaff/openmath/source
16:03:30.495	user: archive openmath mmt-omdoc   finished
16:03:30.496	user: archive openmath index  
16:03:30.497	archive: entering /home/mihnea/kwarc/AssessmentService/mmt/oaff/openmath/compiled
16:03:30.497	archive: entering /home/mihnea/kwarc/AssessmentService/mmt/oaff/openmath/compiled/uom
16:03:30.790	archive: leaving  /home/mihnea/kwarc/AssessmentService/mmt/oaff/openmath/compiled/uom
16:03:30.790	archive: entering /home/mihnea/kwarc/AssessmentService/mmt/oaff/openmath/compiled/cds
16:03:31.19	archive: leaving  /home/mihnea/kwarc/AssessmentService/mmt/oaff/openmath/compiled/cds
16:03:31.19	archive: entering /home/mihnea/kwarc/AssessmentService/mmt/oaff/openmath/compiled/test
16:03:31.308	archive: leaving  /home/mihnea/kwarc/AssessmentService/mmt/oaff/openmath/compiled/test
16:03:31.308	archive: entering /home/mihnea/kwarc/AssessmentService/mmt/oaff/openmath/compiled/frameit
16:03:31.342	archive: leaving  /home/mihnea/kwarc/AssessmentService/mmt/oaff/openmath/compiled/frameit
16:03:31.342	archive: leaving  /home/mihnea/kwarc/AssessmentService/mmt/oaff/openmath/compiled
16:03:31.342	user: archive openmath index   finished
16:03:31.347	user: archive openmath extract  http..www.openmath.org
16:03:31.348	archive: entering /home/mihnea/kwarc/AssessmentService/mmt/oaff/openmath/content/http..www.openmath.org
16:03:31.348	archive: entering /home/mihnea/kwarc/AssessmentService/mmt/oaff/openmath/content/http..www.openmath.org/cd
16:03:31.408	archive: leaving  /home/mihnea/kwarc/AssessmentService/mmt/oaff/openmath/content/http..www.openmath.org/cd
16:03:31.408	archive: leaving  /home/mihnea/kwarc/AssessmentService/mmt/oaff/openmath/content/http..www.openmath.org
16:03:31.408	user: archive openmath extract  http..www.openmath.org finished
16:03:31.409	user: archive openmath extract  http..oaff.kwarc.info
16:03:31.409	archive: entering /home/mihnea/kwarc/AssessmentService/mmt/oaff/openmath/content/http..oaff.kwarc.info
16:03:31.409	archive: entering /home/mihnea/kwarc/AssessmentService/mmt/oaff/openmath/content/http..oaff.kwarc.info/openmath
16:03:31.409	archive: entering /home/mihnea/kwarc/AssessmentService/mmt/oaff/openmath/content/http..oaff.kwarc.info/openmath/uom
16:03:31.463	archive: leaving  /home/mihnea/kwarc/AssessmentService/mmt/oaff/openmath/content/http..oaff.kwarc.info/openmath/uom
16:03:31.463	archive: entering /home/mihnea/kwarc/AssessmentService/mmt/oaff/openmath/content/http..oaff.kwarc.info/openmath/test
16:03:31.499	archive: leaving  /home/mihnea/kwarc/AssessmentService/mmt/oaff/openmath/content/http..oaff.kwarc.info/openmath/test
16:03:31.499	archive: leaving  /home/mihnea/kwarc/AssessmentService/mmt/oaff/openmath/content/http..oaff.kwarc.info/openmath
16:03:31.500	archive: leaving  /home/mihnea/kwarc/AssessmentService/mmt/oaff/openmath/content/http..oaff.kwarc.info
16:03:31.500	user: archive openmath extract  http..oaff.kwarc.info finished
16:03:31.501	user: archive openmath mar /home/mihnea/kwarc/AssessmentService/mmt/oaff/openmath/openmath.mar
16:03:31.502	archive: building math archive at /home/mihnea/kwarc/AssessmentService/mmt/oaff/openmath/openmath.mar
16:03:31.582	archive: done
16:03:31.616	archive: building Java archive at /home/mihnea/kwarc/AssessmentService/mmt/oaff/openmath/openmath.jar
16:03:31.617	archive: done
16:03:31.617	user: archive openmath mar /home/mihnea/kwarc/AssessmentService/mmt/oaff/openmath/openmath.mar finished
16:03:31.618	user: exit
